# JRE version: OpenJDK Runtime Environment AdoptOpenJDK (11.0.9.1+1) (build 11.0.9.1+1)
# Java VM: OpenJDK 64-Bit Server VM AdoptOpenJDK (11.0.9.1+1, mixed mode, tiered, compressed oops, g1 gc, windows-amd64)
Heap:
 garbage-first heap   total 227328K, used 80967K [0x0000000081600000, 0x0000000100000000)
  region size 1024K, 58 young (59392K), 12 survivors (12288K)
 Metaspace       used 81174K, capacity 82948K, committed 83160K, reserved 1122304K
  class space    used 10050K, capacity 10729K, committed 10752K, reserved 1048576K
GC Heap History (20 events):
Event: 3.180 GC heap before
{Heap before GC invocations=6 (full 0):
 garbage-first heap   total 157696K, used 66066K [0x0000000081600000, 0x0000000100000000)
  region size 1024K, 59 young (60416K), 3 survivors (3072K)
 Metaspace       used 26061K, capacity 26617K, committed 26880K, reserved 1073152K
  class space    used 2876K, capacity 3060K, committed 3072K, reserved 1048576K
}
Event: 3.190 GC heap after
{Heap after GC invocations=7 (full 0):
 garbage-first heap   total 157696K, used 9786K [0x0000000081600000, 0x0000000100000000)
  region size 1024K, 4 young (4096K), 4 survivors (4096K)
 Metaspace       used 26061K, capacity 26617K, committed 26880K, reserved 1073152K
  class space    used 2876K, capacity 3060K, committed 3072K, reserved 1048576K
}
Event: 3.628 GC heap before
{Heap before GC invocations=7 (full 0):
 garbage-first heap   total 157696K, used 78394K [0x0000000081600000, 0x0000000100000000)
  region size 1024K, 72 young (73728K), 4 survivors (4096K)
 Metaspace       used 28454K, capacity 29017K, committed 29312K, reserved 1075200K
  class space    used 3185K, capacity 3397K, committed 3456K, reserved 1048576K
}
Event: 3.636 GC heap after
{Heap after GC invocations=8 (full 0):
 garbage-first heap   total 157696K, used 10810K [0x0000000081600000, 0x0000000100000000)
  region size 1024K, 5 young (5120K), 5 survivors (5120K)
 Metaspace       used 28454K, capacity 29017K, committed 29312K, reserved 1075200K
  class space    used 3185K, capacity 3397K, committed 3456K, reserved 1048576K
}
Event: 5.188 GC heap before
{Heap before GC invocations=8 (full 0):
 garbage-first heap   total 157696K, used 89658K [0x0000000081600000, 0x0000000100000000)
  region size 1024K, 82 young (83968K), 5 survivors (5120K)
 Metaspace       used 34669K, capacity 35504K, committed 35584K, reserved 1081344K
  class space    used 3948K, capacity 4290K, committed 4352K, reserved 1048576K
}
Event: 5.206 GC heap after
{Heap after GC invocations=9 (full 0):
 garbage-first heap   total 157696K, used 14467K [0x0000000081600000, 0x0000000100000000)
  region size 1024K, 9 young (9216K), 9 survivors (9216K)
 Metaspace       used 34669K, capacity 35504K, committed 35584K, reserved 1081344K
  class space    used 3948K, capacity 4290K, committed 4352K, reserved 1048576K
}
Event: 5.332 GC heap before
{Heap before GC invocations=9 (full 0):
 garbage-first heap   total 157696K, used 20611K [0x0000000081600000, 0x0000000100000000)
  region size 1024K, 16 young (16384K), 9 survivors (9216K)
 Metaspace       used 35029K, capacity 35843K, committed 35968K, reserved 1081344K
  class space    used 4000K, capacity 4358K, committed 4480K, reserved 1048576K
}
Event: 5.356 GC heap after
{Heap after GC invocations=10 (full 0):
 garbage-first heap   total 189440K, used 14917K [0x0000000081600000, 0x0000000100000000)
  region size 1024K, 7 young (7168K), 7 survivors (7168K)
 Metaspace       used 35029K, capacity 35843K, committed 35968K, reserved 1081344K
  class space    used 4000K, capacity 4358K, committed 4480K, reserved 1048576K
}
Event: 7.440 GC heap before
{Heap before GC invocations=11 (full 0):
 garbage-first heap   total 189440K, used 114245K [0x0000000081600000, 0x0000000100000000)
  region size 1024K, 105 young (107520K), 7 survivors (7168K)
 Metaspace       used 41458K, capacity 42455K, committed 42624K, reserved 1087488K
  class space    used 4739K, capacity 5144K, committed 5248K, reserved 1048576K
}
Event: 7.455 GC heap after
{Heap after GC invocations=12 (full 0):
 garbage-first heap   total 189440K, used 18533K [0x0000000081600000, 0x0000000100000000)
  region size 1024K, 10 young (10240K), 10 survivors (10240K)
 Metaspace       used 41458K, capacity 42455K, committed 42624K, reserved 1087488K
  class space    used 4739K, capacity 5144K, committed 5248K, reserved 1048576K
}
Event: 9.238 GC heap before
{Heap before GC invocations=12 (full 0):
 garbage-first heap   total 189440K, used 121957K [0x0000000081600000, 0x0000000100000000)
  region size 1024K, 111 young (113664K), 10 survivors (10240K)
 Metaspace       used 50446K, capacity 51523K, committed 51840K, reserved 1095680K
  class space    used 5787K, capacity 6203K, committed 6272K, reserved 1048576K
}
Event: 9.259 GC heap after
{Heap after GC invocations=13 (full 0):
 garbage-first heap   total 189440K, used 22982K [0x0000000081600000, 0x0000000100000000)
  region size 1024K, 9 young (9216K), 9 survivors (9216K)
 Metaspace       used 50446K, capacity 51523K, committed 51840K, reserved 1095680K
  class space    used 5787K, capacity 6203K, committed 6272K, reserved 1048576K
}
Event: 11.081 GC heap before
{Heap before GC invocations=13 (full 0):
 garbage-first heap   total 189440K, used 126406K [0x0000000081600000, 0x0000000100000000)
  region size 1024K, 111 young (113664K), 9 survivors (9216K)
 Metaspace       used 58487K, capacity 59683K, committed 59776K, reserved 1101824K
  class space    used 7075K, capacity 7531K, committed 7552K, reserved 1048576K
}
Event: 11.101 GC heap after
{Heap after GC invocations=14 (full 0):
 garbage-first heap   total 189440K, used 27227K [0x0000000081600000, 0x0000000100000000)
  region size 1024K, 9 young (9216K), 9 survivors (9216K)
 Metaspace       used 58487K, capacity 59683K, committed 59776K, reserved 1101824K
  class space    used 7075K, capacity 7531K, committed 7552K, reserved 1048576K
}
Event: 11.235 GC heap before
{Heap before GC invocations=14 (full 0):
 garbage-first heap   total 189440K, used 34395K [0x0000000081600000, 0x0000000100000000)
  region size 1024K, 17 young (17408K), 9 survivors (9216K)
 Metaspace       used 59080K, capacity 60225K, committed 60376K, reserved 1101824K
  class space    used 7145K, capacity 7605K, committed 7680K, reserved 1048576K
}
Event: 11.251 GC heap after
{Heap after GC invocations=15 (full 0):
 garbage-first heap   total 227328K, used 27606K [0x0000000081600000, 0x0000000100000000)
  region size 1024K, 5 young (5120K), 5 survivors (5120K)
 Metaspace       used 59080K, capacity 60225K, committed 60376K, reserved 1101824K
  class space    used 7145K, capacity 7605K, committed 7680K, reserved 1048576K
}
Event: 16.240 GC heap before
{Heap before GC invocations=16 (full 0):
 garbage-first heap   total 227328K, used 156630K [0x0000000081600000, 0x0000000100000000)
  region size 1024K, 132 young (135168K), 5 survivors (5120K)
 Metaspace       used 69680K, capacity 71167K, committed 71384K, reserved 1112064K
  class space    used 8632K, capacity 9199K, committed 9216K, reserved 1048576K
}
Event: 16.254 GC heap after
{Heap after GC invocations=17 (full 0):
 garbage-first heap   total 227328K, used 30910K [0x0000000081600000, 0x0000000100000000)
  region size 1024K, 8 young (8192K), 8 survivors (8192K)
 Metaspace       used 69680K, capacity 71167K, committed 71384K, reserved 1112064K
  class space    used 8632K, capacity 9199K, committed 9216K, reserved 1048576K
}
Event: 28.419 GC heap before
{Heap before GC invocations=17 (full 0):
 garbage-first heap   total 227328K, used 158910K [0x0000000081600000, 0x0000000100000000)
  region size 1024K, 133 young (136192K), 8 survivors (8192K)
 Metaspace       used 77323K, capacity 79075K, committed 79192K, reserved 1118208K
  class space    used 9663K, capacity 10337K, committed 10368K, reserved 1048576K
}
Event: 28.440 GC heap after
{Heap after GC invocations=18 (full 0):
 garbage-first heap   total 227328K, used 34887K [0x0000000081600000, 0x0000000100000000)
  region size 1024K, 12 young (12288K), 12 survivors (12288K)
 Metaspace       used 77323K, capacity 79075K, committed 79192K, reserved 1118208K
  class space    used 9663K, capacity 10337K, committed 10368K, reserved 1048576K
}

